2026.05.19 15:18:50 INFO  Started: Metals version 1.6.7 in folders 'C:\Users\Alex\facultate\wp2\project\Landmark-View' for client Visual Studio Code 1.120.0.
2026.05.19 15:18:50 INFO  Memory monitor started
2026.05.19 15:18:51 WARN  Using H2 2.4.240 which is newer than the version Flyway has been verified with. The latest verified version of H2 is 2.3.232.
2026.05.19 15:18:51 INFO  no build target found for C:\Users\Alex\facultate\wp2\project\Landmark-View\src\main\java\com\landmarks\DataInitializer.java. Using fallback presentation compiler.
2026.05.19 15:18:52 INFO  no build target found for C:\Users\Alex\facultate\wp2\project\Landmark-View\src\main\java\com\landmarks\DataInitializer.java. Using fallback presentation compiler.
2026.05.19 15:18:53 INFO  no build target found for C:\Users\Alex\facultate\wp2\project\Landmark-View\src\main\java\com\landmarks\DataInitializer.java. Using fallback presentation compiler.
May 19, 2026 3:18:53 PM org.eclipse.lsp4j.jsonrpc.RemoteEndpoint handleCancellation
WARNING: Unmatched cancel notification for request id 2
2026.05.19 15:18:53 INFO  no build target found for C:\Users\Alex\facultate\wp2\project\Landmark-View\src\main\java\com\landmarks\DataInitializer.java. Using fallback presentation compiler.
May 19, 2026 3:18:54 PM org.eclipse.lsp4j.jsonrpc.RemoteEndpoint handleCancellation
WARNING: Unmatched cancel notification for request id 6
2026.05.19 15:18:53 INFO  no build target found for C:\Users\Alex\facultate\wp2\project\Landmark-View\src\main\java\com\landmarks\DataInitializer.java. Using fallback presentation compiler.
May 19, 2026 3:18:54 PM org.eclipse.lsp4j.jsonrpc.RemoteEndpoint handleCancellation
WARNING: Unmatched cancel notification for request id 7
2026.05.19 15:18:53 INFO  no build target found for C:\Users\Alex\facultate\wp2\project\Landmark-View\src\main\java\com\landmarks\DataInitializer.java. Using fallback presentation compiler.
May 19, 2026 3:18:54 PM org.eclipse.lsp4j.jsonrpc.RemoteEndpoint handleCancellation
WARNING: Unmatched cancel notification for request id 8
2026.05.19 15:18:53 INFO  no build target found for C:\Users\Alex\facultate\wp2\project\Landmark-View\src\main\java\com\landmarks\DataInitializer.java. Using fallback presentation compiler.
2026.05.19 15:18:54 INFO  no build target found for C:\Users\Alex\facultate\wp2\project\Landmark-View\src\main\java\com\landmarks\DataInitializer.java. Using fallback presentation compiler.
2026.05.19 15:18:53 INFO  no build target found for C:\Users\Alex\facultate\wp2\project\Landmark-View\src\main\java\com\landmarks\DataInitializer.java. Using fallback presentation compiler.
2026.05.19 15:18:53 INFO  no build target found for C:\Users\Alex\facultate\wp2\project\Landmark-View\src\main\java\com\landmarks\DataInitializer.java. Using fallback presentation compiler.
May 19, 2026 3:18:54 PM org.eclipse.lsp4j.jsonrpc.RemoteEndpoint handleCancellation
WARNING: Unmatched cancel notification for request id 13
May 19, 2026 3:18:54 PM org.eclipse.lsp4j.jsonrpc.RemoteEndpoint handleCancellation
WARNING: Unmatched cancel notification for request id 9
2026.05.19 15:18:53 INFO  no build target found for C:\Users\Alex\facultate\wp2\project\Landmark-View\src\main\java\com\landmarks\DataInitializer.java. Using fallback presentation compiler.
2026.05.19 15:18:53 INFO  no build target found for C:\Users\Alex\facultate\wp2\project\Landmark-View\src\main\java\com\landmarks\DataInitializer.java. Using fallback presentation compiler.
2026.05.19 15:18:55 INFO  no build target found for C:\Users\Alex\facultate\wp2\project\Landmark-View\src\main\java\com\landmarks\DataInitializer.java. Using fallback presentation compiler.
2026.05.19 15:18:56 INFO  no build target found for C:\Users\Alex\facultate\wp2\project\Landmark-View\src\main\java\com\landmarks\DataInitializer.java. Using fallback presentation compiler.
2026.05.19 15:18:58 INFO  no build target found for C:\Users\Alex\facultate\wp2\project\Landmark-View\src\main\java\com\landmarks\DataInitializer.java. Using fallback presentation compiler.
2026.05.19 15:18:58 INFO  no build target found for C:\Users\Alex\facultate\wp2\project\Landmark-View\src\main\java\com\landmarks\DataInitializer.java. Using fallback presentation compiler.
2026.05.19 15:19:46 INFO  no build target found for C:\Users\Alex\facultate\wp2\project\Landmark-View\src\main\java\com\landmarks\DataInitializer.java. Using fallback presentation compiler.
2026.05.19 15:19:47 INFO  no build target found for C:\Users\Alex\facultate\wp2\project\Landmark-View\src\main\java\com\landmarks\DataInitializer.java. Using fallback presentation compiler.
2026.05.19 15:19:47 INFO  no build target found for C:\Users\Alex\facultate\wp2\project\Landmark-View\src\main\java\com\landmarks\DataInitializer.java. Using fallback presentation compiler.
2026.05.19 15:19:49 INFO  no build target found for C:\Users\Alex\facultate\wp2\project\Landmark-View\src\main\java\com\landmarks\DataInitializer.java. Using fallback presentation compiler.
2026.05.19 15:19:49 INFO  no build target found for C:\Users\Alex\facultate\wp2\project\Landmark-View\src\main\java\com\landmarks\DataInitializer.java. Using fallback presentation compiler.
2026.05.19 15:19:50 INFO  no build target found for C:\Users\Alex\facultate\wp2\project\Landmark-View\src\main\java\com\landmarks\DataInitializer.java. Using fallback presentation compiler.
2026.05.19 15:19:50 INFO  no build target found for C:\Users\Alex\facultate\wp2\project\Landmark-View\src\main\java\com\landmarks\DataInitializer.java. Using fallback presentation compiler.
2026.05.19 15:19:51 INFO  no build target found for C:\Users\Alex\facultate\wp2\project\Landmark-View\src\main\java\com\landmarks\DataInitializer.java. Using fallback presentation compiler.
2026.05.19 15:19:52 INFO  no build target found for C:\Users\Alex\facultate\wp2\project\Landmark-View\src\main\java\com\landmarks\DataInitializer.java. Using fallback presentation compiler.
2026.05.19 15:19:52 INFO  no build target found for C:\Users\Alex\facultate\wp2\project\Landmark-View\src\main\java\com\landmarks\DataInitializer.java. Using fallback presentation compiler.
2026.05.19 15:21:04 WARN  no build target for: C:\Users\Alex\facultate\wp2\project\Landmark-View\src\main\java\com\landmarks\DataInitializer.java
2026.05.19 15:21:04 INFO  no build target found for C:\Users\Alex\facultate\wp2\project\Landmark-View\src\main\java\com\landmarks\DataInitializer.java. Using fallback presentation compiler.
2026.05.19 15:27:30 INFO  no build target found for C:\Users\Alex\facultate\wp2\project\Landmark-View\src\main\java\com\landmarks\DataInitializer.java. Using fallback presentation compiler.
2026.05.19 15:27:31 INFO  no build target found for C:\Users\Alex\facultate\wp2\project\Landmark-View\src\main\java\com\landmarks\DataInitializer.java. Using fallback presentation compiler.
2026.05.19 15:27:33 INFO  no build target found for C:\Users\Alex\facultate\wp2\project\Landmark-View\src\main\java\com\landmarks\DataInitializer.java. Using fallback presentation compiler.
2026.05.19 15:27:35 INFO  no build target found for C:\Users\Alex\facultate\wp2\project\Landmark-View\src\main\java\com\landmarks\DataInitializer.java. Using fallback presentation compiler.
2026.05.19 15:27:50 INFO  no build target found for C:\Users\Alex\facultate\wp2\project\Landmark-View\src\main\java\com\landmarks\DataInitializer.java. Using fallback presentation compiler.
2026.05.19 15:28:11 INFO  no build target found for C:\Users\Alex\facultate\wp2\project\Landmark-View\src\main\java\com\landmarks\DataInitializer.java. Using fallback presentation compiler.
2026.05.19 15:28:25 INFO  no build target found for C:\Users\Alex\facultate\wp2\project\Landmark-View\src\main\java\com\landmarks\DataInitializer.java. Using fallback presentation compiler.
2026.05.19 15:28:28 INFO  no build target found for C:\Users\Alex\facultate\wp2\project\Landmark-View\src\main\java\com\landmarks\DataInitializer.java. Using fallback presentation compiler.
2026.05.19 15:28:50 INFO  no build target found for C:\Users\Alex\facultate\wp2\project\Landmark-View\src\main\java\com\landmarks\DataInitializer.java. Using fallback presentation compiler.
2026.05.19 15:28:51 INFO  no build target found for C:\Users\Alex\facultate\wp2\project\Landmark-View\src\main\java\com\landmarks\DataInitializer.java. Using fallback presentation compiler.
May 19, 2026 3:28:51 PM org.eclipse.lsp4j.jsonrpc.RemoteEndpoint handleCancellation
WARNING: Unmatched cancel notification for request id 42
